<?xml version="1.0" encoding="UTF-8" ?>
<testsuites errors="0"
            failures="0"
            tests="0">

  <testsuite name="test-pages"
    errors="0" failures="0" hostname="" id="" package="test-pages" skipped="7"
    tests="0" time="0" timestamp="">
  

  

    

  
    
    <testcase
      name="home page" classname="test-pages">
      <skipped />
    </testcase>
    
    <testcase
      name="about page" classname="test-pages">
      <skipped />
    </testcase>
    
    <testcase
      name="ressources page" classname="test-pages">
      <skipped />
    </testcase>
    
    <testcase
      name="quiz list page" classname="test-pages">
      <skipped />
    </testcase>
    
    <testcase
      name="quiz detail page" classname="test-pages">
      <skipped />
    </testcase>
    
    <testcase
      name="question list page" classname="test-pages">
      <skipped />
    </testcase>
    
    <testcase
      name="question detail page" classname="test-pages">
      <skipped />
    </testcase>
    
  
  </testsuite>
</testsuites>
